============================================================
  Generated by:           Genus(TM) Synthesis Solution 20.11-s111_1
  Generated on:           Jun 20 2025  10:46:55 am
  Module:                 up_counter_4bit
  Technology library:     fast 
  Operating conditions:   fast (balanced_tree)
  Wireload mode:          enclosed
  Area mode:              timing library
============================================================

     Pin           Type     Fanout Load Slew Delay Arrival   
                                   (fF) (ps)  (ps)   (ps)    
-------------------------------------------------------------
count_reg[1]/CK                            0    +0       0 R 
count_reg[1]/QN   DFFTRX4        2  1.3   11   +90      90 F 
g91/B                                           +0      90   
g91/Y             NOR2BXL        2  1.3   42   +22     112 R 
g87/AN                                          +0     112   
g87/Y             NOR2BXL        1  1.4   42   +41     153 R 
count_reg[3]/E    EDFFTRX4                      +0     153   
count_reg[3]/CK   setup                    0  +102     255 R 
-------------------------------------------------------------
Timing slack :  UNCONSTRAINED
Start-point  : count_reg[1]/CK
End-point    : count_reg[3]/E

