============================================================
  Generated by:           Genus(TM) Synthesis Solution 20.11-s111_1
  Generated on:           Jun 20 2025  10:27:28 am
  Module:                 binary_to_gray
  Technology library:     fast 
  Operating conditions:   fast (balanced_tree)
  Wireload mode:          enclosed
  Area mode:              timing library
============================================================

                         
 Gate   Instances  Area  Library 
---------------------------------
XOR2X4          3  0.000    fast 
---------------------------------
total           3  0.000         


                                      
     Type      Instances  Area Area % 
--------------------------------------
logic                  3 0.000    0.0 
physical_cells         0 0.000    0.0 
--------------------------------------
total                  3 0.000    0.0 

