============================================================
  Generated by:           Genus(TM) Synthesis Solution 20.11-s111_1
  Generated on:           Jun 20 2025  10:27:27 am
  Module:                 binary_to_gray
  Technology library:     fast 
  Operating conditions:   fast (balanced_tree)
  Wireload mode:          enclosed
  Area mode:              timing library
============================================================

 Pin            Type        Fanout Load Slew Delay Arrival   
                                   (fF) (ps)  (ps)   (ps)    
-------------------------------------------------------------
bin[0]  (u)  in port             1  2.3    0    +0       0 R 
g3/in_1                                         +0       0   
g3/z    (u)  unmapped_xor2       1  0.0    0   +29      29 R 
gray[0]      interconnect                  0    +0      29 R 
             out port                           +0      29 R 
-------------------------------------------------------------
Timing slack :  UNCONSTRAINED
Start-point  : bin[0]
End-point    : gray[0]

(u) : Net has unmapped pin(s).

============================================================
  Generated by:           Genus(TM) Synthesis Solution 20.11-s111_1
  Generated on:           Jun 20 2025  10:27:27 am
  Module:                 binary_to_gray
  Technology library:     fast 
  Operating conditions:   fast (balanced_tree)
  Wireload mode:          enclosed
  Area mode:              timing library
============================================================

No paths found.


