============================================================
  Generated by:           Genus(TM) Synthesis Solution 20.11-s111_1
  Generated on:           Jun 20 2025  10:27:27 am
  Module:                 binary_to_gray
  Technology library:     fast 
  Operating conditions:   fast (balanced_tree)
  Wireload mode:          enclosed
  Area mode:              timing library
============================================================

 Pin         Type       Fanout Load Slew Delay Arrival   
                               (fF) (ps)  (ps)   (ps)    
---------------------------------------------------------
bin[1]    in port            2  1.8    0    +0       0 F 
g48/A                                       +0       0   
g48/Y     INVXL              1  0.6   12    +7       7 R 
g44/A                                       +0       7   
g44/Y     XNOR2XL            1  0.0   11   +48      55 F 
gray[0]   interconnect                11    +0      55 F 
          out port                          +0      55 F 
---------------------------------------------------------
Timing slack :  UNCONSTRAINED
Start-point  : bin[1]
End-point    : gray[0]

