============================================================
  Generated by:           Genus(TM) Synthesis Solution 20.11-s111_1
  Generated on:           Jun 20 2025  10:27:28 am
  Module:                 binary_to_gray
  Technology library:     fast 
  Operating conditions:   fast (balanced_tree)
  Wireload mode:          enclosed
  Area mode:              timing library
============================================================

 Pin         Type       Fanout Load Slew Delay Arrival   
                               (fF) (ps)  (ps)   (ps)    
---------------------------------------------------------
bin[1]    in port            2  2.2    0    +0       0 F 
g49/A                                       +0       0   
g49/Y     XOR2X4             1  0.0   21   +60      60 F 
gray[0]   interconnect                21    +0      60 F 
          out port                          +0      60 F 
---------------------------------------------------------
Timing slack :  UNCONSTRAINED
Start-point  : bin[1]
End-point    : gray[0]

