============================================================
  Generated by:           Genus(TM) Synthesis Solution 20.11-s111_1
  Generated on:           Jun 20 2025  10:43:01 am
  Module:                 mux4to1
  Technology library:     fast 
  Operating conditions:   fast (balanced_tree)
  Wireload mode:          enclosed
  Area mode:              timing library
============================================================

 Pin         Type       Fanout Load Slew Delay Arrival   
                               (fF) (ps)  (ps)   (ps)    
---------------------------------------------------------
sel[1]    in port            1  2.0    0    +0       0 F 
g135/S0                                     +0       0   
g135/Y    MXI4XL             1  0.0   10   +76      76 F 
y         interconnect                10    +0      76 F 
          out port                          +0      76 F 
---------------------------------------------------------
Timing slack :  UNCONSTRAINED
Start-point  : sel[1]
End-point    : y

