============================================================
  Generated by:           Genus(TM) Synthesis Solution 20.11-s111_1
  Generated on:           Jun 20 2025  10:43:01 am
  Module:                 mux4to1
  Technology library:     fast 
  Operating conditions:   fast (balanced_tree)
  Wireload mode:          enclosed
  Area mode:              timing library
============================================================

 Pin        Type       Fanout Load Slew Delay Arrival   
                              (fF) (ps)  (ps)   (ps)    
--------------------------------------------------------
sel[1]   in port            1  2.3    0    +0       0 R 
g2/S0                                      +0       0   
g2/Y     MX4X4              1  0.0   31  +112     112 F 
y        interconnect                31    +0     112 F 
         out port                          +0     112 F 
--------------------------------------------------------
Timing slack :  UNCONSTRAINED
Start-point  : sel[1]
End-point    : y

