============================================================
  Generated by:           Genus(TM) Synthesis Solution 20.11-s111_1
  Generated on:           Jun 20 2025  10:43:01 am
  Module:                 mux4to1
  Technology library:     fast 
  Operating conditions:   fast (balanced_tree)
  Wireload mode:          enclosed
  Area mode:              timing library
============================================================

  Pin             Type        Fanout Load Slew Delay Arrival   
                                     (fF) (ps)  (ps)   (ps)    
---------------------------------------------------------------
sel[0]    (u)  in port             3  6.9    0    +0       0 R 
g11/in_0                                          +0       0   
g11/z     (u)  unmapped_not        2  4.6    0   +11      11 F 
g12/in_1                                          +0      11   
g12/z     (u)  unmapped_nor2       1  2.3    0   +15      26 R 
mux_in_2_16/ctl[0] 
  g1/sel3                                         +0      26   
  g1/z    (u)  unmapped_mux8       1  0.0    0   +45      71 R 
mux_in_2_16/z 
y              interconnect                  0    +0      71 R 
               out port                           +0      71 R 
---------------------------------------------------------------
Timing slack :  UNCONSTRAINED
Start-point  : sel[0]
End-point    : y

(u) : Net has unmapped pin(s).

============================================================
  Generated by:           Genus(TM) Synthesis Solution 20.11-s111_1
  Generated on:           Jun 20 2025  10:43:01 am
  Module:                 mux4to1
  Technology library:     fast 
  Operating conditions:   fast (balanced_tree)
  Wireload mode:          enclosed
  Area mode:              timing library
============================================================

No paths found.


