============================================================
  Generated by:           Genus(TM) Synthesis Solution 20.11-s111_1
  Generated on:           Jun 20 2025  10:18:37 am
  Module:                 comparator_4bit
  Technology library:     fast 
  Operating conditions:   fast (balanced_tree)
  Wireload mode:          enclosed
  Area mode:              timing library
============================================================

   Pin              Type        Fanout Load Slew Delay Arrival   
                                       (fF) (ps)  (ps)   (ps)    
-----------------------------------------------------------------
b[1]       (u)  in port              4  9.2    0    +0       0 R 
lt_5_18/B[1] 
  g4/in_0                                           +0       0   
  g4/z     (u)  unmapped_not         2  4.6    0   +11      11 F 
  g11/in_1                                          +0      11   
  g11/z    (u)  unmapped_nor2        1  2.3    0   +15      26 R 
  g17/in_0                                          +0      26   
  g17/z    (u)  unmapped_not         1  2.3    0    +8      34 F 
  g18/in_1                                          +0      34   
  g18/z    (u)  unmapped_nand2       1  2.3    0   +15      49 R 
  g19/in_1                                          +0      49   
  g19/z    (u)  unmapped_nand2       1  2.3    0   +15      64 F 
  g27/in_1                                          +0      64   
  g27/z    (u)  unmapped_nand2       1  2.3    0   +15      80 R 
  g28/in_1                                          +0      80   
  g28/z    (u)  unmapped_nand2       1  2.3    0   +15      95 F 
  g6/in_0                                           +0      95   
  g6/z     (u)  unmapped_not         1  0.0    0    +4      99 R 
lt_5_18/Z 
lt              interconnect                   0    +0      99 R 
                out port                            +0      99 R 
-----------------------------------------------------------------
Timing slack :  UNCONSTRAINED
Start-point  : b[1]
End-point    : lt

(u) : Net has unmapped pin(s).

============================================================
  Generated by:           Genus(TM) Synthesis Solution 20.11-s111_1
  Generated on:           Jun 20 2025  10:18:37 am
  Module:                 comparator_4bit
  Technology library:     fast 
  Operating conditions:   fast (balanced_tree)
  Wireload mode:          enclosed
  Area mode:              timing library
============================================================

No paths found.


