============================================================
  Generated by:           Genus(TM) Synthesis Solution 20.11-s111_1
  Generated on:           Jun 20 2025  10:18:37 am
  Module:                 comparator_4bit
  Technology library:     fast 
  Operating conditions:   fast (balanced_tree)
  Wireload mode:          enclosed
  Area mode:              timing library
============================================================

 Pin         Type       Fanout Load Slew Delay Arrival   
                               (fF) (ps)  (ps)   (ps)    
---------------------------------------------------------
a[2]      in port            1  0.6    0    +0       0 R 
g488/A                                      +0       0   
g488/Y    INVXL              2  1.4   18   +10      10 F 
g481/AN                                     +0      10   
g481/Y    NOR2BXL            2  1.2   21   +26      36 F 
g478/A                                      +0      36   
g478/Y    INVXL              2  1.4   22   +16      52 R 
g475/AN                                     +0      52   
g475/Y    NOR4BXL            1  0.7   75   +58     110 R 
g472/C                                      +0     110   
g472/Y    AND3X1             1  0.0   15   +57     166 R 
eq        interconnect                15    +0     166 R 
          out port                          +0     166 R 
---------------------------------------------------------
Timing slack :  UNCONSTRAINED
Start-point  : a[2]
End-point    : eq

