Command: report datapath > reports_Jun20-10:18:36/comparator_4bit_datapath_generic.rpt
============================================================
  Generated by:           Genus(TM) Synthesis Solution 20.11-s111_1
  Generated on:           Jun 20 2025  10:18:37 am
  Module:                 comparator_4bit
  Technology library:     fast 
  Operating conditions:   fast (balanced_tree)
  Wireload mode:          enclosed
  Area mode:              timing library
============================================================


Inferred components

            Operator Signedness Inputs Outputs 
===============================================
comparator_4bit
 SUB_TC_OP
 module:sub_signed
  very_fast     -    signed     5x5    5       
===============================================
comparator_4bit
 SUB_TC_OP_1
 module:sub_signed
  very_fast     -    signed     5x5    5       
===============================================

