============================================================
  Generated by:           Genus(TM) Synthesis Solution 20.11-s111_1
  Generated on:           Jun 20 2025  10:18:38 am
  Module:                 comparator_4bit
  Technology library:     fast 
  Operating conditions:   fast (balanced_tree)
  Wireload mode:          enclosed
  Area mode:              timing library
============================================================

  Pin         Type       Fanout Load Slew Delay Arrival   
                                (fF) (ps)  (ps)   (ps)    
----------------------------------------------------------
a[1]       in port            2  1.8    0    +0       0 R 
g494/A                                       +0       0   
g494/Y     INVXL              2  4.3   47   +24      24 F 
g485/B                                       +0      24   
g485/Y     OR2X1              2  1.3   17   +42      66 F 
g474/A                                       +0      66   
g474/Y     INVXL              1  0.7   14   +11      77 R 
g471/A2                                      +0      77   
g471/Y     OAI31XL            1  1.0   40   +24     102 F 
g496/A1N                                     +0     102   
g496/Y     AOI2BB1X4          1  1.0   31   +50     151 F 
g2/A1N                                       +0     151   
g2/Y       AOI2BB1X4          1  0.0   31   +47     198 F 
lt         interconnect                31    +0     198 F 
           out port                          +0     198 F 
----------------------------------------------------------
Timing slack :  UNCONSTRAINED
Start-point  : a[1]
End-point    : lt

