============================================================
  Generated by:           Genus(TM) Synthesis Solution 20.11-s111_1
  Generated on:           Jun 19 2025  10:50:15 am
  Module:                 adder4bit
  Technology library:     fast 
  Operating conditions:   fast (balanced_tree)
  Wireload mode:          enclosed
  Area mode:              timing library
============================================================

                         
 Gate   Instances  Area  Library 
---------------------------------
ADDFXL          3  0.000    fast 
ADDHX4          1  0.000    fast 
---------------------------------
total           4  0.000         


                                      
     Type      Instances  Area Area % 
--------------------------------------
logic                  4 0.000    0.0 
physical_cells         0 0.000    0.0 
--------------------------------------
total                  4 0.000    0.0 

