============================================================
  Generated by:           Genus(TM) Synthesis Solution 20.11-s111_1
  Generated on:           Jun 19 2025  10:50:15 am
  Module:                 adder4bit
  Technology library:     fast 
  Operating conditions:   fast (balanced_tree)
  Wireload mode:          enclosed
  Area mode:              timing library
============================================================

 Pin         Type       Fanout Load Slew Delay Arrival   
                               (fF) (ps)  (ps)   (ps)    
---------------------------------------------------------
a[0]      in port            2  1.3    0    +0       0 R 
g287/AN                                     +0       0   
g287/Y    NOR2BXL            1  2.0   56   +37      37 R 
g285/CI                                     +0      37   
g285/CO   ADDFXL             1  2.0   37   +68     105 R 
g284/CI                                     +0     105   
g284/CO   ADDFXL             1  2.0   37   +63     168 R 
g283/CI                                     +0     168   
g283/S    ADDFXL             1  0.0   16   +78     247 F 
sum[3]    interconnect                16    +0     247 F 
          out port                          +0     247 F 
---------------------------------------------------------
Timing slack :  UNCONSTRAINED
Start-point  : a[0]
End-point    : sum[3]

