============================================================
  Generated by:           Genus(TM) Synthesis Solution 20.11-s111_1
  Generated on:           Jun 19 2025  11:22:43 am
  Module:                 ring_counter
  Technology library:     fast 
  Operating conditions:   fast (balanced_tree)
  Wireload mode:          enclosed
  Area mode:              timing library
============================================================

                           
  Gate    Instances  Area  Library 
-----------------------------------
DFFRHQX4          3  0.000    fast 
DFFSHQX4          1  0.000    fast 
INVXL             1  0.000    fast 
-----------------------------------
total             5  0.000         


                                      
     Type      Instances  Area Area % 
--------------------------------------
sequential             4 0.000    0.0 
inverter               1 0.000    0.0 
physical_cells         0 0.000    0.0 
--------------------------------------
total                  5 0.000    0.0 

