============================================================
  Generated by:           Genus(TM) Synthesis Solution 20.11-s111_1
  Generated on:           Jun 19 2025  11:22:43 am
  Module:                 ring_counter
  Technology library:     fast 
  Operating conditions:   fast (balanced_tree)
  Wireload mode:          enclosed
  Area mode:              timing library
============================================================

   Pin         Type     Fanout Load Slew Delay Arrival   
                               (fF) (ps)  (ps)   (ps)    
---------------------------------------------------------
q_reg[3]/CK                            0    +0       0 R 
q_reg[3]/Q    DFFRHQX4       2  0.8    9   +80      80 F 
q_reg[0]/D    DFFSHQX4                      +0      80   
q_reg[0]/CK   setup                    0   +28     108 R 
---------------------------------------------------------
Timing slack :  UNCONSTRAINED
Start-point  : q_reg[3]/CK
End-point    : q_reg[0]/D

