============================================================
  Generated by:           Genus(TM) Synthesis Solution 20.11-s111_1
  Generated on:           Jun 20 2025  10:36:49 am
  Module:                 full_adder
  Technology library:     fast 
  Operating conditions:   fast (balanced_tree)
  Wireload mode:          enclosed
  Area mode:              timing library
============================================================

 Pin        Type       Fanout Load Slew Delay Arrival   
                              (fF) (ps)  (ps)   (ps)    
--------------------------------------------------------
b        in port            1  3.6    0    +0       0 F 
g101/A                                     +0       0   
g101/S   ADDFX4             1  0.0   21  +102     102 R 
sum      interconnect                21    +0     102 R 
         out port                          +0     102 R 
--------------------------------------------------------
Timing slack :  UNCONSTRAINED
Start-point  : b
End-point    : sum

