============================================================
  Generated by:           Genus(TM) Synthesis Solution 20.11-s111_1
  Generated on:           Jun 20 2025  10:36:49 am
  Module:                 full_adder
  Technology library:     fast 
  Operating conditions:   fast (balanced_tree)
  Wireload mode:          enclosed
  Area mode:              timing library
============================================================

                         
 Gate   Instances  Area  Library 
---------------------------------
ADDFX4          1  0.000    fast 
---------------------------------
total           1  0.000         


                                      
     Type      Instances  Area Area % 
--------------------------------------
logic                  1 0.000    0.0 
physical_cells         0 0.000    0.0 
--------------------------------------
total                  1 0.000    0.0 

