============================================================
  Generated by:           Genus(TM) Synthesis Solution 20.11-s111_1
  Generated on:           Jun 20 2025  10:36:48 am
  Module:                 full_adder
  Technology library:     fast 
  Operating conditions:   fast (balanced_tree)
  Wireload mode:          enclosed
  Area mode:              timing library
============================================================

   Pin              Type        Fanout Load Slew Delay Arrival   
                                       (fF) (ps)  (ps)   (ps)    
-----------------------------------------------------------------
b          (u)  in port              2  4.6    0    +0       0 R 
add_3_28/B 
  g1/in_1                                           +0       0   
  g1/z     (u)  unmapped_xor2        2  4.6    0   +36      36 R 
add_3_28/Z[0] 
add_3_32/A[0] 
  g2/in_0                                           +0      36   
  g2/z     (u)  unmapped_nand2       1  2.3    0   +15      51 F 
  g15/in_0                                          +0      51   
  g15/z    (u)  unmapped_not         1  2.3    0    +8      59 R 
  g12/in_0                                          +0      59   
  g12/z    (u)  unmapped_xnor2       1  0.0    0   +29      88 R 
add_3_32/Z[1] 
cout            interconnect                   0    +0      88 R 
                out port                            +0      88 R 
-----------------------------------------------------------------
Timing slack :  UNCONSTRAINED
Start-point  : b
End-point    : cout

(u) : Net has unmapped pin(s).

============================================================
  Generated by:           Genus(TM) Synthesis Solution 20.11-s111_1
  Generated on:           Jun 20 2025  10:36:48 am
  Module:                 full_adder
  Technology library:     fast 
  Operating conditions:   fast (balanced_tree)
  Wireload mode:          enclosed
  Area mode:              timing library
============================================================

No paths found.


