============================================================
  Generated by:           Genus(TM) Synthesis Solution 20.11-s111_1
  Generated on:           Jun 20 2025  10:36:48 am
  Module:                 full_adder
  Technology library:     fast 
  Operating conditions:   fast (balanced_tree)
  Wireload mode:          enclosed
  Area mode:              timing library
============================================================

Pin        Type       Fanout Load Slew Delay Arrival   
                             (fF) (ps)  (ps)   (ps)    
-------------------------------------------------------
a       in port            1  0.6    0    +0       0 R 
g99/A                                     +0       0   
g99/Y   INVXL              2  2.7   31   +16      16 F 
g97/B                                     +0      16   
g97/Y   XNOR2X1            1  0.6   15   +52      69 R 
g95/A                                     +0      69   
g95/Y   XNOR2XL            1  0.0   11   +49     118 F 
sum     interconnect                11    +0     118 F 
        out port                          +0     118 F 
-------------------------------------------------------
Timing slack :  UNCONSTRAINED
Start-point  : a
End-point    : sum

