Command: report datapath > reports_Jun20-10:36:47/full_adder_datapath_generic.rpt
============================================================
  Generated by:           Genus(TM) Synthesis Solution 20.11-s111_1
  Generated on:           Jun 20 2025  10:36:48 am
  Module:                 full_adder
  Technology library:     fast 
  Operating conditions:   fast (balanced_tree)
  Wireload mode:          enclosed
  Area mode:              timing library
============================================================


Inferred components

                 Operator   Signedness Inputs Outputs 
======================================================
full_adder
 csa_tree_ADD_TC_OP_1_groupi
 module:csa_tree_ADD_TC_OP_1_group_2
  very_fast   csa_and_adder            2x2x2  2       
 equation:
 assign out_0 = ( ( $signed(in_1) + $signed(in_2) )  + $signed(in_0) ) ;
------------------------------------------------------
  ADD_TC_OP_1       +       signed     2x2    2       
  ADD_TC_OP         +       signed     2x2    2       
======================================================

