============================================================
  Generated by:           Genus(TM) Synthesis Solution 20.11-s111_1
  Generated on:           Jun 20 2025  10:50:47 am
  Module:                 traffic_light_ctrl
  Technology library:     fast 
  Operating conditions:   fast (balanced_tree)
  Wireload mode:          enclosed
  Area mode:              timing library
============================================================

                           
  Gate    Instances  Area  Library 
-----------------------------------
AO21X2            1  0.000    fast 
AO22X1            1  0.000    fast 
DFFRHQX4          1  0.000    fast 
DFFRX4            5  0.000    fast 
INVXL             6  0.000    fast 
NOR2BXL           4  0.000    fast 
OAI221XL          2  0.000    fast 
OAI31XL           2  0.000    fast 
OAI32XL           2  0.000    fast 
OR2X1             1  0.000    fast 
SDFFRX4           1  0.000    fast 
XNOR2X1           2  0.000    fast 
-----------------------------------
total            28  0.000         


                                      
     Type      Instances  Area Area % 
--------------------------------------
sequential             7 0.000    0.0 
inverter               6 0.000    0.0 
logic                 15 0.000    0.0 
physical_cells         0 0.000    0.0 
--------------------------------------
total                 28 0.000    0.0 

