============================================================
  Generated by:           Genus(TM) Synthesis Solution 20.11-s111_1
  Generated on:           Jun 20 2025  10:50:45 am
  Module:                 traffic_light_ctrl
  Technology library:     fast 
  Operating conditions:   fast (balanced_tree)
  Wireload mode:          enclosed
  Area mode:              timing library
============================================================

      Pin                 Type         Fanout Load Slew Delay Arrival   
                                              (fF) (ps)  (ps)   (ps)    
------------------------------------------------------------------------
timer_reg[0]/clk                                      0    +0       0 R 
timer_reg[0]/q   (u)  unmapped_d_flop       7 16.1    0  +126     126 F 
ctl_timer_16_15/in_0[0] 
  g6/in_0                                                  +0     126   
  g6/z           (u)  unmapped_not          4  9.2    0   +15     141 R 
  g12/in_0                                                 +0     141   
  g12/z          (u)  unmapped_nand2        1  2.3    0   +15     157 F 
  g10/in_1                                                 +0     157   
  g10/z          (u)  unmapped_nor2         4  9.2    0   +23     180 R 
ctl_timer_16_15/out_0[2] 
g9/in_1                                                    +0     180   
g9/z             (u)  unmapped_and2         1  2.3    0   +15     195 R 
g19/in_1                                                   +0     195   
g19/z            (u)  unmapped_or4          3 13.8    0   +48     243 R 
walk_reg/sena         unmapped_d_flop                      +0     243   
walk_reg/clk          setup                           0   +56     299 R 
------------------------------------------------------------------------
Timing slack :  UNCONSTRAINED
Start-point  : timer_reg[0]/clk
End-point    : walk_reg/sena

(u) : Net has unmapped pin(s).

============================================================
  Generated by:           Genus(TM) Synthesis Solution 20.11-s111_1
  Generated on:           Jun 20 2025  10:50:45 am
  Module:                 traffic_light_ctrl
  Technology library:     fast 
  Operating conditions:   fast (balanced_tree)
  Wireload mode:          enclosed
  Area mode:              timing library
============================================================

No paths found.


============================================================
  Generated by:           Genus(TM) Synthesis Solution 20.11-s111_1
  Generated on:           Jun 20 2025  10:50:45 am
  Module:                 traffic_light_ctrl
  Technology library:     fast 
  Operating conditions:   fast (balanced_tree)
  Wireload mode:          enclosed
  Area mode:              timing library
============================================================

No paths found.


============================================================
  Generated by:           Genus(TM) Synthesis Solution 20.11-s111_1
  Generated on:           Jun 20 2025  10:50:45 am
  Module:                 traffic_light_ctrl
  Technology library:     fast 
  Operating conditions:   fast (balanced_tree)
  Wireload mode:          enclosed
  Area mode:              timing library
============================================================

No paths found.


============================================================
  Generated by:           Genus(TM) Synthesis Solution 20.11-s111_1
  Generated on:           Jun 20 2025  10:50:45 am
  Module:                 traffic_light_ctrl
  Technology library:     fast 
  Operating conditions:   fast (balanced_tree)
  Wireload mode:          enclosed
  Area mode:              timing library
============================================================

No paths found.


