============================================================
  Generated by:           Genus(TM) Synthesis Solution 20.11-s111_1
  Generated on:           Jun 20 2025  10:50:47 am
  Module:                 traffic_light_ctrl
  Technology library:     fast 
  Operating conditions:   fast (balanced_tree)
  Wireload mode:          enclosed
  Area mode:              timing library
============================================================

     Pin           Type     Fanout Load Slew Delay Arrival   
                                   (fF) (ps)  (ps)   (ps)    
-------------------------------------------------------------
timer_reg[0]/CK                            0    +0       0 R 
timer_reg[0]/Q    DFFRX4         6  4.0   16   +82      82 F 
g704/A                                          +0      82   
g704/Y            XNOR2X1        1  0.7   16   +54     136 R 
g698/AN                                         +0     136   
g698/Y            NOR2BXL        2  1.3   41   +34     170 R 
g693/A1                                         +0     170   
g693/Y            OAI221XL       3  1.8   89   +64     234 F 
g686/A2                                         +0     234   
g686/Y            OAI32XL        1  0.7   78   +55     289 R 
walk_reg/D        DFFRX4                        +0     289   
walk_reg/CK       setup                    0   +43     333 R 
-------------------------------------------------------------
Timing slack :  UNCONSTRAINED
Start-point  : timer_reg[0]/CK
End-point    : walk_reg/D

