============================================================
  Generated by:           Genus(TM) Synthesis Solution 20.11-s111_1
  Generated on:           Jun 20 2025  10:50:46 am
  Module:                 traffic_light_ctrl
  Technology library:     fast 
  Operating conditions:   fast (balanced_tree)
  Wireload mode:          enclosed
  Area mode:              timing library
============================================================

     Pin           Type     Fanout Load Slew Delay Arrival   
                                   (fF) (ps)  (ps)   (ps)    
-------------------------------------------------------------
timer_reg[0]/CK                            0    +0       0 R 
timer_reg[0]/Q    DFFRHQX8       7  4.6   13   +90      90 F 
g704/A                                          +0      90   
g704/Y            XNOR2X1        1  0.7   16   +53     143 R 
g698/AN                                         +0     143   
g698/Y            NOR2BXL        2  1.3   41   +34     177 R 
g693/A1                                         +0     177   
g693/Y            OAI221XL       3  1.8   89   +64     241 F 
g686/A2                                         +0     241   
g686/Y            OAI32XL        1  0.8   81   +57     297 R 
walk_reg/D        DFFRHQX8                      +0     297   
walk_reg/CK       setup                    0   +44     341 R 
-------------------------------------------------------------
Timing slack :  UNCONSTRAINED
Start-point  : timer_reg[0]/CK
End-point    : walk_reg/D

