============================================================
  Generated by:           Genus(TM) Synthesis Solution 20.11-s111_1
  Generated on:           Jun 19 2025  11:16:16 am
  Module:                 comparator4bit
  Technology library:     fast 
  Operating conditions:   fast (balanced_tree)
  Wireload mode:          enclosed
  Area mode:              timing library
============================================================

                             
   Gate     Instances  Area  Library 
-------------------------------------
AND3X1              1  0.000    fast 
AOI2BB1X4           3  0.000    fast 
CLKAND2X12          1  0.000    fast 
INVXL              10  0.000    fast 
NOR2BXL             4  0.000    fast 
NOR4BXL             1  0.000    fast 
OA21X1              1  0.000    fast 
OAI31XL             2  0.000    fast 
OR2X1               1  0.000    fast 
XNOR2X1             2  0.000    fast 
-------------------------------------
total              26  0.000         


                                      
     Type      Instances  Area Area % 
--------------------------------------
inverter              10 0.000    0.0 
logic                 16 0.000    0.0 
physical_cells         0 0.000    0.0 
--------------------------------------
total                 26 0.000    0.0 

