Command: report datapath > reports_Jun19-11:16:14/comparator4bit_datapath_generic.rpt
============================================================
  Generated by:           Genus(TM) Synthesis Solution 20.11-s111_1
  Generated on:           Jun 19 2025  11:16:15 am
  Module:                 comparator4bit
  Technology library:     fast 
  Operating conditions:   fast (balanced_tree)
  Wireload mode:          enclosed
  Area mode:              timing library
============================================================


Inferred components

            Operator Signedness Inputs Outputs 
===============================================
comparator4bit
 SUB_TC_OP
 module:sub_signed
  very_fast     -    signed     5x5    5       
===============================================
comparator4bit
 SUB_TC_OP_1
 module:sub_signed
  very_fast     -    signed     5x5    5       
===============================================

