Command: report datapath > reports_Jul25-12:42:17/digital_safe_datapath_generic.rpt
============================================================
  Generated by:           Genus(TM) Synthesis Solution 20.11-s111_1
  Generated on:           Jul 25 2025  12:42:20 pm
  Module:                 digital_safe
  Technology library:     fast 
  Operating conditions:   fast (balanced_tree)
  Wireload mode:          enclosed
  Area mode:              timing library
============================================================


Inferred components

                 Operator   Signedness Inputs Outputs 
======================================================
digital_safe
 SUB_TC_OP18
 module:sub_signed
  very_fast         -       signed     1x21   21      
======================================================
digital_safe
 SUB_TC_OP_19
 module:sub_signed_18
  very_fast         -       signed     20x2   20      
======================================================
digital_safe
 SUB_TC_OP_4
 module:sub_signed_23
  very_fast         -       signed     32x32  32      
======================================================
digital_safe
 csa_tree_ADD_TC_OP16_groupi
 module:csa_tree_ADD_TC_OP16_group_8
  very_fast   csa_and_adder            32x32  32      
 equation:
 assign out_0 = ( ( $signed(in_0) - $signed(in_1) )  + 1'sb1 ) ;
------------------------------------------------------
  ADD_TC_OP16       +       signed     32x1   32      
  SUB_TC_OP         -       signed     32x32  32      
======================================================
digital_safe
 csa_tree_ADD_TC_OP_2_groupi
 module:csa_tree_ADD_TC_OP_2_group_5
  very_fast   csa_and_adder            32x32  32      
 equation:
 assign out_0 = ( ( $signed(in_0) - $signed(in_1) )  + 1'sb1 ) ;
------------------------------------------------------
  ADD_TC_OP_2       +       signed     32x1   32      
  SUB_TC_OP_1       -       signed     32x32  32      
======================================================
digital_safe
 inc_add_51_42
 module:increment_unsigned_49
  very_fast     increment   unsigned   2x1    2       
======================================================

