============================================================
  Generated by:           Genus(TM) Synthesis Solution 20.11-s111_1
  Generated on:           Jul 25 2025  12:42:24 pm
  Module:                 digital_safe
  Technology library:     fast 
  Operating conditions:   fast (balanced_tree)
  Wireload mode:          enclosed
  Area mode:              timing library
============================================================

                            
   Gate    Instances  Area  Library 
------------------------------------
ADDFXL            60  0.000    fast 
ADDHX1             2  0.000    fast 
AND4XL             1  0.000    fast 
AO21X2             9  0.000    fast 
AO22X1            10  0.000    fast 
AOI2BB1X4          1  0.000    fast 
CLKINVX1           3  0.000    fast 
CLKINVX16          1  0.000    fast 
CLKINVX2           3  0.000    fast 
CLKINVX8          60  0.000    fast 
DFFRHQX4           1  0.000    fast 
DFFRHQX8          15  0.000    fast 
DFFRX4             6  0.000    fast 
INVXL              8  0.000    fast 
NAND2BX4           5  0.000    fast 
NAND2X8            1  0.000    fast 
NAND4BBX4          2  0.000    fast 
NAND4BX4           1  0.000    fast 
NAND4X1           11  0.000    fast 
NOR2BX1            2  0.000    fast 
NOR2BXL            7  0.000    fast 
NOR2X8             1  0.000    fast 
NOR3BX4            1  0.000    fast 
NOR4BBX1           1  0.000    fast 
NOR4BBX4           2  0.000    fast 
NOR4XL             1  0.000    fast 
OA21X1             3  0.000    fast 
OAI211XL           1  0.000    fast 
OAI221XL           2  0.000    fast 
OAI2BB1X4          1  0.000    fast 
OAI33XL            1  0.000    fast 
OR2X1             15  0.000    fast 
OR3X1              2  0.000    fast 
OR4X1             11  0.000    fast 
SDFFRHQX4          1  0.000    fast 
SDFFRHQX8          1  0.000    fast 
SDFFRX4           19  0.000    fast 
SDFFSX2           13  0.000    fast 
XNOR2X1            7  0.000    fast 
XNOR2X4           30  0.000    fast 
XNOR3XL            2  0.000    fast 
XOR2X4             4  0.000    fast 
XOR3X1             1  0.000    fast 
------------------------------------
total            329  0.000         


                                      
     Type      Instances  Area Area % 
--------------------------------------
sequential            56 0.000    0.0 
inverter              75 0.000    0.0 
logic                198 0.000    0.0 
physical_cells         0 0.000    0.0 
--------------------------------------
total                329 0.000    0.0 

