============================================================
  Generated by:           Genus(TM) Synthesis Solution 20.11-s111_1
  Generated on:           Jul 25 2025  12:42:23 pm
  Module:                 digital_safe
  Technology library:     fast 
  Operating conditions:   fast (balanced_tree)
  Wireload mode:          enclosed
  Area mode:              timing library
============================================================

         Pin              Type      Fanout Load Slew Delay Arrival   
                                           (fF) (ps)  (ps)   (ps)    
---------------------------------------------------------------------
current_code_reg[1]/CK                             0    +0       0 R 
current_code_reg[1]/Q    SDFFRHQX8       2  2.7   15   +91      91 R 
csa_tree_ADD_TC_OP16_groupi/in_1[1] 
  g2193/A                                               +0      91   
  g2193/Y                CLKINVX2        1  2.5   12   +10     102 F 
  g2187/B                                               +0     102   
  g2187/CO               ADDFXL          1  2.0   38   +65     167 F 
  g2186/CI                                              +0     167   
  g2186/CO               ADDFXL          1  2.0   38   +67     234 F 
  g2185/CI                                              +0     234   
  g2185/CO               ADDFXL          1  2.0   38   +67     301 F 
  g2184/CI                                              +0     301   
  g2184/CO               ADDFXL          1  2.0   38   +67     368 F 
  g2183/CI                                              +0     368   
  g2183/CO               ADDFXL          1  2.0   38   +67     435 F 
  g2182/CI                                              +0     435   
  g2182/CO               ADDFXL          1  2.0   38   +67     502 F 
  g2181/CI                                              +0     502   
  g2181/CO               ADDFXL          1  2.0   38   +67     568 F 
  g2180/CI                                              +0     568   
  g2180/CO               ADDFXL          1  2.0   38   +67     635 F 
  g2179/CI                                              +0     635   
  g2179/CO               ADDFXL          1  2.0   38   +67     702 F 
  g2178/CI                                              +0     702   
  g2178/CO               ADDFXL          1  2.0   38   +67     769 F 
  g2177/CI                                              +0     769   
  g2177/CO               ADDFXL          1  2.0   38   +67     836 F 
  g2176/CI                                              +0     836   
  g2176/CO               ADDFXL          1  2.0   38   +67     903 F 
  g2175/CI                                              +0     903   
  g2175/CO               ADDFXL          1  2.0   38   +67     970 F 
  g2174/CI                                              +0     970   
  g2174/CO               ADDFXL          1  2.0   38   +67    1037 F 
  g2173/CI                                              +0    1037   
  g2173/CO               ADDFXL          1  2.0   38   +67    1104 F 
  g2172/CI                                              +0    1104   
  g2172/CO               ADDFXL          1  2.0   38   +67    1171 F 
  g2171/CI                                              +0    1171   
  g2171/CO               ADDFXL          1  2.0   38   +67    1238 F 
  g2170/CI                                              +0    1238   
  g2170/CO               ADDFXL          1  2.0   38   +67    1304 F 
  g2169/CI                                              +0    1304   
  g2169/CO               ADDFXL          1  2.0   38   +67    1371 F 
  g2168/CI                                              +0    1371   
  g2168/CO               ADDFXL          1  2.0   38   +67    1438 F 
  g2167/CI                                              +0    1438   
  g2167/CO               ADDFXL          1  2.0   38   +67    1505 F 
  g2166/CI                                              +0    1505   
  g2166/CO               ADDFXL          1  2.0   38   +67    1572 F 
  g2165/CI                                              +0    1572   
  g2165/CO               ADDFXL          1  2.0   38   +67    1639 F 
  g2164/CI                                              +0    1639   
  g2164/CO               ADDFXL          1  2.0   38   +67    1706 F 
  g2163/CI                                              +0    1706   
  g2163/CO               ADDFXL          1  2.0   38   +67    1773 F 
  g2162/CI                                              +0    1773   
  g2162/CO               ADDFXL          1  2.0   38   +67    1840 F 
  g2161/CI                                              +0    1840   
  g2161/CO               ADDFXL          1  2.0   38   +67    1906 F 
  g2160/CI                                              +0    1906   
  g2160/CO               ADDFXL          1  2.0   38   +67    1973 F 
  g2159/CI                                              +0    1973   
  g2159/CO               ADDFXL          1  2.0   38   +67    2040 F 
  g2158/CI                                              +0    2040   
  g2158/CO               ADDFXL          1  1.5   33   +64    2105 F 
  g2/C                                                  +0    2105   
  g2/Y                   XNOR3XL         1  0.9   28   +47    2152 R 
csa_tree_ADD_TC_OP16_groupi/out_0[31] 
g5348/D                                                 +0    2152   
g5348/Y                  NAND4X1         1  0.7   50   +30    2182 F 
g5229/D                                                 +0    2182   
g5229/Y                  OR4X1           1  3.3   42   +78    2259 F 
g5356/D                                                 +0    2259   
g5356/Y                  NOR4BBX4        1  0.7   50   +22    2281 R 
g5178/B1                                                +0    2281   
g5178/Y                  AO22X1          2  1.2   20   +45    2326 R 
g5174/B                                                 +0    2326   
g5174/Y                  OR2X1           3  1.9   18   +26    2351 R 
g5173/B                                                 +0    2351   
g5173/Y                  OR2X1           3  2.2   20   +26    2378 R 
g5168/B                                                 +0    2378   
g5168/Y                  OR2X1           4  3.8   31   +32    2409 R 
g5166/A                                                 +0    2409   
g5166/Y                  CLKINVX2        5  3.9   19   +17    2426 F 
g5143/B                                                 +0    2426   
g5143/Y                  OR2X1           2  2.5   24   +39    2465 F 
g5139/A                                                 +0    2465   
g5139/Y                  CLKINVX2       11  7.2   29   +20    2485 R 
g5132/B0                                                +0    2485   
g5132/Y                  AO21X2          2  1.2   17   +31    2516 R 
g5113/A1                                                +0    2516   
g5113/Y                  AO21X2          1  0.8   16   +44    2561 R 
lock_timer_reg[16]/D     DFFRHQX8                       +0    2561   
lock_timer_reg[16]/CK    setup                     0   +35    2596 R 
---------------------------------------------------------------------
Timing slack :  UNCONSTRAINED
Start-point  : current_code_reg[1]/CK
End-point    : lock_timer_reg[16]/D

