============================================================
  Generated by:           Genus(TM) Synthesis Solution 20.11-s111_1
  Generated on:           Jul 25 2025  12:42:24 pm
  Module:                 digital_safe
  Technology library:     fast 
  Operating conditions:   fast (balanced_tree)
  Wireload mode:          enclosed
  Area mode:              timing library
============================================================

                Pin                     Type      Fanout Load Slew Delay Arrival   
                                                         (fF) (ps)  (ps)   (ps)    
-----------------------------------------------------------------------------------
current_code_reg[1]/CK                                           0    +0       0 R 
current_code_reg[1]/QN                 SDFFRX4         1  2.5   13  +111     111 F 
csa_tree_ADD_TC_OP16_groupi_g2187/B                                   +0     111   
csa_tree_ADD_TC_OP16_groupi_g2187/CO   ADDFXL          1  2.0   37   +66     176 F 
csa_tree_ADD_TC_OP16_groupi_g2186/CI                                  +0     176   
csa_tree_ADD_TC_OP16_groupi_g2186/CO   ADDFXL          1  2.0   38   +67     243 F 
csa_tree_ADD_TC_OP16_groupi_g2185/CI                                  +0     243   
csa_tree_ADD_TC_OP16_groupi_g2185/CO   ADDFXL          1  2.0   38   +67     310 F 
csa_tree_ADD_TC_OP16_groupi_g2184/CI                                  +0     310   
csa_tree_ADD_TC_OP16_groupi_g2184/CO   ADDFXL          1  2.0   38   +67     377 F 
csa_tree_ADD_TC_OP16_groupi_g2183/CI                                  +0     377   
csa_tree_ADD_TC_OP16_groupi_g2183/CO   ADDFXL          1  2.0   38   +67     444 F 
csa_tree_ADD_TC_OP16_groupi_g2182/CI                                  +0     444   
csa_tree_ADD_TC_OP16_groupi_g2182/CO   ADDFXL          1  2.0   38   +67     511 F 
csa_tree_ADD_TC_OP16_groupi_g2181/CI                                  +0     511   
csa_tree_ADD_TC_OP16_groupi_g2181/CO   ADDFXL          1  2.0   38   +67     578 F 
csa_tree_ADD_TC_OP16_groupi_g2180/CI                                  +0     578   
csa_tree_ADD_TC_OP16_groupi_g2180/CO   ADDFXL          1  2.0   38   +67     644 F 
csa_tree_ADD_TC_OP16_groupi_g2179/CI                                  +0     644   
csa_tree_ADD_TC_OP16_groupi_g2179/CO   ADDFXL          1  2.0   38   +67     711 F 
csa_tree_ADD_TC_OP16_groupi_g2178/CI                                  +0     711   
csa_tree_ADD_TC_OP16_groupi_g2178/CO   ADDFXL          1  2.0   38   +67     778 F 
csa_tree_ADD_TC_OP16_groupi_g2177/CI                                  +0     778   
csa_tree_ADD_TC_OP16_groupi_g2177/CO   ADDFXL          1  2.0   38   +67     845 F 
csa_tree_ADD_TC_OP16_groupi_g2176/CI                                  +0     845   
csa_tree_ADD_TC_OP16_groupi_g2176/CO   ADDFXL          1  2.0   38   +67     912 F 
csa_tree_ADD_TC_OP16_groupi_g2175/CI                                  +0     912   
csa_tree_ADD_TC_OP16_groupi_g2175/CO   ADDFXL          1  2.0   38   +67     979 F 
csa_tree_ADD_TC_OP16_groupi_g2174/CI                                  +0     979   
csa_tree_ADD_TC_OP16_groupi_g2174/CO   ADDFXL          1  2.0   38   +67    1046 F 
csa_tree_ADD_TC_OP16_groupi_g2173/CI                                  +0    1046   
csa_tree_ADD_TC_OP16_groupi_g2173/CO   ADDFXL          1  2.0   38   +67    1113 F 
csa_tree_ADD_TC_OP16_groupi_g2172/CI                                  +0    1113   
csa_tree_ADD_TC_OP16_groupi_g2172/CO   ADDFXL          1  2.0   38   +67    1180 F 
csa_tree_ADD_TC_OP16_groupi_g2171/CI                                  +0    1180   
csa_tree_ADD_TC_OP16_groupi_g2171/CO   ADDFXL          1  2.0   38   +67    1246 F 
csa_tree_ADD_TC_OP16_groupi_g2170/CI                                  +0    1246   
csa_tree_ADD_TC_OP16_groupi_g2170/CO   ADDFXL          1  2.0   38   +67    1313 F 
csa_tree_ADD_TC_OP16_groupi_g2169/CI                                  +0    1313   
csa_tree_ADD_TC_OP16_groupi_g2169/CO   ADDFXL          1  2.0   38   +67    1380 F 
csa_tree_ADD_TC_OP16_groupi_g2168/CI                                  +0    1380   
csa_tree_ADD_TC_OP16_groupi_g2168/CO   ADDFXL          1  2.0   38   +67    1447 F 
csa_tree_ADD_TC_OP16_groupi_g2167/CI                                  +0    1447   
csa_tree_ADD_TC_OP16_groupi_g2167/CO   ADDFXL          1  2.0   38   +67    1514 F 
csa_tree_ADD_TC_OP16_groupi_g2166/CI                                  +0    1514   
csa_tree_ADD_TC_OP16_groupi_g2166/CO   ADDFXL          1  2.0   38   +67    1581 F 
csa_tree_ADD_TC_OP16_groupi_g2165/CI                                  +0    1581   
csa_tree_ADD_TC_OP16_groupi_g2165/CO   ADDFXL          1  2.0   38   +67    1648 F 
csa_tree_ADD_TC_OP16_groupi_g2164/CI                                  +0    1648   
csa_tree_ADD_TC_OP16_groupi_g2164/CO   ADDFXL          1  2.0   38   +67    1715 F 
csa_tree_ADD_TC_OP16_groupi_g2163/CI                                  +0    1715   
csa_tree_ADD_TC_OP16_groupi_g2163/CO   ADDFXL          1  2.0   38   +67    1782 F 
csa_tree_ADD_TC_OP16_groupi_g2162/CI                                  +0    1782   
csa_tree_ADD_TC_OP16_groupi_g2162/CO   ADDFXL          1  2.0   38   +67    1849 F 
csa_tree_ADD_TC_OP16_groupi_g2161/CI                                  +0    1849   
csa_tree_ADD_TC_OP16_groupi_g2161/CO   ADDFXL          1  2.0   38   +67    1916 F 
csa_tree_ADD_TC_OP16_groupi_g2160/CI                                  +0    1916   
csa_tree_ADD_TC_OP16_groupi_g2160/CO   ADDFXL          1  2.0   38   +67    1982 F 
csa_tree_ADD_TC_OP16_groupi_g2159/CI                                  +0    1982   
csa_tree_ADD_TC_OP16_groupi_g2159/CO   ADDFXL          1  2.0   38   +67    2049 F 
csa_tree_ADD_TC_OP16_groupi_g2158/CI                                  +0    2049   
csa_tree_ADD_TC_OP16_groupi_g2158/CO   ADDFXL          1  1.5   33   +64    2114 F 
csa_tree_ADD_TC_OP16_groupi_g2/C                                      +0    2114   
csa_tree_ADD_TC_OP16_groupi_g2/Y       XNOR3XL         1  0.9   28   +47    2161 R 
g5348/D                                                               +0    2161   
g5348/Y                                NAND4X1         1  0.9   54   +32    2192 F 
g5497/AN                                                              +0    2192   
g5497/Y                                NAND4BBX4       1  3.3   58   +70    2262 F 
g5356/D                                                               +0    2262   
g5356/Y                                NOR4BBX4        1  0.7   50   +26    2288 R 
g5178/B1                                                              +0    2288   
g5178/Y                                AO22X1          2  1.2   20   +45    2332 R 
g5174/B                                                               +0    2332   
g5174/Y                                OR2X1           3  1.9   18   +26    2358 R 
g5173/B                                                               +0    2358   
g5173/Y                                OR2X1           3  2.2   20   +26    2384 R 
g5168/B                                                               +0    2384   
g5168/Y                                OR2X1           4  3.8   31   +32    2416 R 
g5166/A                                                               +0    2416   
g5166/Y                                CLKINVX2        5  3.9   19   +17    2433 F 
g5143/B                                                               +0    2433   
g5143/Y                                OR2X1           2  2.4   24   +39    2472 F 
g5139/A                                                               +0    2472   
g5139/Y                                CLKINVX2       11  7.0   28   +20    2491 R 
g5132/B0                                                              +0    2491   
g5132/Y                                AO21X2          2  1.2   17   +31    2522 R 
g5113/A1                                                              +0    2522   
g5113/Y                                AO21X2          1  0.8   16   +44    2566 R 
lock_timer_reg[16]/D                   DFFRHQX8                       +0    2566   
lock_timer_reg[16]/CK                  setup                     0   +35    2602 R 
-----------------------------------------------------------------------------------
Timing slack :  UNCONSTRAINED
Start-point  : current_code_reg[1]/CK
End-point    : lock_timer_reg[16]/D

