============================================================
  Generated by:           Genus(TM) Synthesis Solution 20.11-s111_1
  Generated on:           Jun 20 2025  10:31:32 am
  Module:                 down_counter_4bit
  Technology library:     fast 
  Operating conditions:   fast (balanced_tree)
  Wireload mode:          enclosed
  Area mode:              timing library
============================================================

                           
  Gate    Instances  Area  Library 
-----------------------------------
DFFHQX8           1  0.000    fast 
DFFQX4            1  0.000    fast 
DFFX2             2  0.000    fast 
INVXL             2  0.000    fast 
NOR2BXL           2  0.000    fast 
OAI221XL          1  0.000    fast 
OR2X1             3  0.000    fast 
XNOR2X1           1  0.000    fast 
XOR2X4            1  0.000    fast 
-----------------------------------
total            14  0.000         


                                      
     Type      Instances  Area Area % 
--------------------------------------
sequential             4 0.000    0.0 
inverter               2 0.000    0.0 
logic                  8 0.000    0.0 
physical_cells         0 0.000    0.0 
--------------------------------------
total                 14 0.000    0.0 

