============================================================
  Generated by:           Genus(TM) Synthesis Solution 20.11-s111_1
  Generated on:           Jun 20 2025  10:31:32 am
  Module:                 down_counter_4bit
  Technology library:     fast 
  Operating conditions:   fast (balanced_tree)
  Wireload mode:          enclosed
  Area mode:              timing library
============================================================

     Pin           Type     Fanout Load Slew Delay Arrival   
                                   (fF) (ps)  (ps)   (ps)    
-------------------------------------------------------------
count_reg[0]/CK                            0    +0       0 R 
count_reg[0]/QN   DFFX2          2  1.3   12   +92      92 R 
g151/AN                                         +0      92   
g151/Y            NOR2BXL        2  2.2   60   +42     133 R 
g145/AN                                         +0     133   
g145/Y            NOR2BXL        2  1.2   39   +41     175 R 
g142/A                                          +0     175   
g142/Y            INVXL          1  0.6   12   +16     191 F 
g139/A1                                         +0     191   
g139/Y            OAI221XL       1  0.6   59   +32     222 R 
count_reg[3]/D    DFFX2                         +0     222   
count_reg[3]/CK   setup                    0   +38     260 R 
-------------------------------------------------------------
Timing slack :  UNCONSTRAINED
Start-point  : count_reg[0]/CK
End-point    : count_reg[3]/D

