============================================================
  Generated by:           Genus(TM) Synthesis Solution 20.11-s111_1
  Generated on:           Jun 20 2025  10:31:31 am
  Module:                 down_counter_4bit
  Technology library:     fast 
  Operating conditions:   fast (balanced_tree)
  Wireload mode:          enclosed
  Area mode:              timing library
============================================================

     Pin           Type     Fanout Load Slew Delay Arrival   
                                   (fF) (ps)  (ps)   (ps)    
-------------------------------------------------------------
count_reg[0]/CK                            0    +0       0 R 
count_reg[0]/Q    DFFHQX8        3  1.2   10   +83      83 F 
g154/A                                          +0      83   
g154/Y            INVXL          2  1.3   20   +13      95 R 
g151/AN                                         +0      95   
g151/Y            NOR2BXL        2  1.3   41   +35     130 R 
g145/AN                                         +0     130   
g145/Y            NOR2BXL        2  1.2   38   +39     169 R 
g142/A                                          +0     169   
g142/Y            INVXL          1  0.6   12   +16     185 F 
g139/A1                                         +0     185   
g139/Y            OAI221XL       1  0.8   63   +33     218 R 
count_reg[3]/D    DFFHQX8                       +0     218   
count_reg[3]/CK   setup                    0   +35     253 R 
-------------------------------------------------------------
Timing slack :  UNCONSTRAINED
Start-point  : count_reg[0]/CK
End-point    : count_reg[3]/D

