============================================================
  Generated by:           Genus(TM) Synthesis Solution 20.11-s111_1
  Generated on:           Jun 20 2025  10:40:27 am
  Module:                 jk_ff
  Technology library:     fast 
  Operating conditions:   fast (balanced_tree)
  Wireload mode:          enclosed
  Area mode:              timing library
============================================================

   Pin              Type         Fanout Load Slew Delay Arrival   
                                        (fF) (ps)  (ps)   (ps)    
------------------------------------------------------------------
q_reg/clk                                       0    +0       0 R 
q_reg/q    (u)  unmapped_d_flop       3  4.6    0  +116     116 F 
g1/in_0                                              +0     116   
g1/z       (u)  unmapped_not          1  2.3    0    +8     124 R 
mux_q_6_14/in_3 
  g1/data3                                           +0     124   
  g1/z     (u)  unmapped_bmux6        1  2.3    0   +62     186 R 
mux_q_6_14/z 
q_reg/d         unmapped_d_flop                      +0     186   
q_reg/clk       setup                           0   +27     212 R 
------------------------------------------------------------------
Timing slack :  UNCONSTRAINED
Start-point  : q_reg/clk
End-point    : q_reg/d

(u) : Net has unmapped pin(s).

============================================================
  Generated by:           Genus(TM) Synthesis Solution 20.11-s111_1
  Generated on:           Jun 20 2025  10:40:27 am
  Module:                 jk_ff
  Technology library:     fast 
  Operating conditions:   fast (balanced_tree)
  Wireload mode:          enclosed
  Area mode:              timing library
============================================================

No paths found.


============================================================
  Generated by:           Genus(TM) Synthesis Solution 20.11-s111_1
  Generated on:           Jun 20 2025  10:40:27 am
  Module:                 jk_ff
  Technology library:     fast 
  Operating conditions:   fast (balanced_tree)
  Wireload mode:          enclosed
  Area mode:              timing library
============================================================

No paths found.


============================================================
  Generated by:           Genus(TM) Synthesis Solution 20.11-s111_1
  Generated on:           Jun 20 2025  10:40:27 am
  Module:                 jk_ff
  Technology library:     fast 
  Operating conditions:   fast (balanced_tree)
  Wireload mode:          enclosed
  Area mode:              timing library
============================================================

No paths found.


============================================================
  Generated by:           Genus(TM) Synthesis Solution 20.11-s111_1
  Generated on:           Jun 20 2025  10:40:27 am
  Module:                 jk_ff
  Technology library:     fast 
  Operating conditions:   fast (balanced_tree)
  Wireload mode:          enclosed
  Area mode:              timing library
============================================================

No paths found.


