============================================================
  Generated by:           Genus(TM) Synthesis Solution 20.11-s111_1
  Generated on:           Jun 20 2025  10:40:27 am
  Module:                 jk_ff
  Technology library:     fast 
  Operating conditions:   fast (balanced_tree)
  Wireload mode:          enclosed
  Area mode:              timing library
============================================================

  Pin      Type     Fanout Load Slew Delay Arrival   
                           (fF) (ps)  (ps)   (ps)    
-----------------------------------------------------
q_reg/CK                           0    +0       0 R 
q_reg/QN   SDFFRX2       1  1.2   11  +103     103 F 
q_reg/SE   SDFFRX2                      +0     103   
q_reg/CK   setup                   0   +65     168 R 
-----------------------------------------------------
Timing slack :  UNCONSTRAINED
Start-point  : q_reg/CK
End-point    : q_reg/SE

