============================================================
  Generated by:           Genus(TM) Synthesis Solution 20.11-s111_1
  Generated on:           Jun 20 2025  10:40:27 am
  Module:                 jk_ff
  Technology library:     fast 
  Operating conditions:   fast (balanced_tree)
  Wireload mode:          enclosed
  Area mode:              timing library
============================================================

                          
  Gate   Instances  Area  Library 
----------------------------------
INVXL            2  0.000    fast 
SDFFRX2          1  0.000    fast 
----------------------------------
total            3  0.000         


                                      
     Type      Instances  Area Area % 
--------------------------------------
sequential             1 0.000    0.0 
inverter               2 0.000    0.0 
physical_cells         0 0.000    0.0 
--------------------------------------
total                  3 0.000    0.0 

