============================================================
  Generated by:           Genus(TM) Synthesis Solution 20.11-s111_1
  Generated on:           Jun 20 2025  10:40:27 am
  Module:                 jk_ff
  Technology library:     fast 
  Operating conditions:   fast (balanced_tree)
  Wireload mode:          enclosed
  Area mode:              timing library
============================================================

  Pin       Type      Fanout Load Slew Delay Arrival   
                             (fF) (ps)  (ps)   (ps)    
-------------------------------------------------------
q_reg/CK                             0    +0       0 R 
q_reg/Q    SDFFRHQX8       2  0.6   13   +90      90 R 
g32/A                                     +0      90   
g32/Y      INVXL           1  1.7   22   +15     105 F 
q_reg/SE   SDFFRHQX8                      +0     105   
q_reg/CK   setup                     0   +63     168 R 
-------------------------------------------------------
Timing slack :  UNCONSTRAINED
Start-point  : q_reg/CK
End-point    : q_reg/SE

